<?xml version="1.0" encoding="UTF-8"?>
<testsuite name="teamverpic.verpicbackend.VerpicBackendApplicationTests" tests="1" skipped="0" failures="0" errors="0" timestamp="2021-07-09T16:54:33" hostname="yuhoseong-ui-MacBookPro.local" time="0.291">
  <properties/>
  <testcase name="contextLoads()" classname="teamverpic.verpicbackend.VerpicBackendApplicationTests" time="0.291"/>
  <system-out><![CDATA[01:54:27.554 [Test worker] DEBUG org.springframework.test.context.BootstrapUtils - Instantiating CacheAwareContextLoaderDelegate from class [org.springframework.test.context.cache.DefaultCacheAwareContextLoaderDelegate]
01:54:27.567 [Test worker] DEBUG org.springframework.test.context.BootstrapUtils - Instantiating BootstrapContext using constructor [public org.springframework.test.context.support.DefaultBootstrapContext(java.lang.Class,org.springframework.test.context.CacheAwareContextLoaderDelegate)]
01:54:27.608 [Test worker] DEBUG org.springframework.test.context.BootstrapUtils - Instantiating TestContextBootstrapper for test class [teamverpic.verpicbackend.VerpicBackendApplicationTests] from class [org.springframework.boot.test.context.SpringBootTestContextBootstrapper]
01:54:27.621 [Test worker] INFO org.springframework.boot.test.context.SpringBootTestContextBootstrapper - Neither @ContextConfiguration nor @ContextHierarchy found for test class [teamverpic.verpicbackend.VerpicBackendApplicationTests], using SpringBootContextLoader
01:54:27.625 [Test worker] DEBUG org.springframework.test.context.support.AbstractContextLoader - Did not detect default resource location for test class [teamverpic.verpicbackend.VerpicBackendApplicationTests]: class path resource [teamverpic/verpicbackend/VerpicBackendApplicationTests-context.xml] does not exist
01:54:27.625 [Test worker] DEBUG org.springframework.test.context.support.AbstractContextLoader - Did not detect default resource location for test class [teamverpic.verpicbackend.VerpicBackendApplicationTests]: class path resource [teamverpic/verpicbackend/VerpicBackendApplicationTestsContext.groovy] does not exist
01:54:27.625 [Test worker] INFO org.springframework.test.context.support.AbstractContextLoader - Could not detect default resource locations for test class [teamverpic.verpicbackend.VerpicBackendApplicationTests]: no resource found for suffixes {-context.xml, Context.groovy}.
01:54:27.626 [Test worker] INFO org.springframework.test.context.support.AnnotationConfigContextLoaderUtils - Could not detect default configuration classes for test class [teamverpic.verpicbackend.VerpicBackendApplicationTests]: VerpicBackendApplicationTests does not declare any static, non-private, non-final, nested classes annotated with @Configuration.
01:54:27.743 [Test worker] DEBUG org.springframework.test.context.support.ActiveProfilesUtils - Could not find an 'annotation declaring class' for annotation type [org.springframework.test.context.ActiveProfiles] and class [teamverpic.verpicbackend.VerpicBackendApplicationTests]
01:54:27.827 [Test worker] DEBUG org.springframework.context.annotation.ClassPathScanningCandidateComponentProvider - Identified candidate component class: file [/Users/physicalcoldplay/verpic-backend/build/classes/java/main/teamverpic/verpicbackend/VerpicBackendApplication.class]
01:54:27.829 [Test worker] INFO org.springframework.boot.test.context.SpringBootTestContextBootstrapper - Found @SpringBootConfiguration teamverpic.verpicbackend.VerpicBackendApplication for test class teamverpic.verpicbackend.VerpicBackendApplicationTests
01:54:27.938 [Test worker] DEBUG org.springframework.boot.test.context.SpringBootTestContextBootstrapper - @TestExecutionListeners is not present for class [teamverpic.verpicbackend.VerpicBackendApplicationTests]: using defaults.
01:54:27.939 [Test worker] INFO org.springframework.boot.test.context.SpringBootTestContextBootstrapper - Loaded default TestExecutionListener class names from location [META-INF/spring.factories]: [org.springframework.boot.test.autoconfigure.restdocs.RestDocsTestExecutionListener, org.springframework.boot.test.autoconfigure.web.client.MockRestServiceServerResetTestExecutionListener, org.springframework.boot.test.autoconfigure.web.servlet.MockMvcPrintOnlyOnFailureTestExecutionListener, org.springframework.boot.test.autoconfigure.web.servlet.WebDriverTestExecutionListener, org.springframework.boot.test.autoconfigure.webservices.client.MockWebServiceServerTestExecutionListener, org.springframework.boot.test.mock.mockito.MockitoTestExecutionListener, org.springframework.boot.test.mock.mockito.ResetMocksTestExecutionListener, org.springframework.test.context.web.ServletTestExecutionListener, org.springframework.test.context.support.DirtiesContextBeforeModesTestExecutionListener, org.springframework.test.context.event.ApplicationEventsTestExecutionListener, org.springframework.test.context.support.DependencyInjectionTestExecutionListener, org.springframework.test.context.support.DirtiesContextTestExecutionListener, org.springframework.test.context.transaction.TransactionalTestExecutionListener, org.springframework.test.context.jdbc.SqlScriptsTestExecutionListener, org.springframework.test.context.event.EventPublishingTestExecutionListener]
01:54:27.955 [Test worker] INFO org.springframework.boot.test.context.SpringBootTestContextBootstrapper - Using TestExecutionListeners: [org.springframework.test.context.web.ServletTestExecutionListener@55a3fb8f, org.springframework.test.context.support.DirtiesContextBeforeModesTestExecutionListener@5755baeb, org.springframework.test.context.event.ApplicationEventsTestExecutionListener@488364d4, org.springframework.boot.test.mock.mockito.MockitoTestExecutionListener@145f472d, org.springframework.boot.test.autoconfigure.SpringBootDependencyInjectionTestExecutionListener@5e6aa9aa, org.springframework.test.context.support.DirtiesContextTestExecutionListener@2492d26e, org.springframework.test.context.transaction.TransactionalTestExecutionListener@7764a7ec, org.springframework.test.context.jdbc.SqlScriptsTestExecutionListener@196cf002, org.springframework.test.context.event.EventPublishingTestExecutionListener@12c03d7c, org.springframework.boot.test.autoconfigure.restdocs.RestDocsTestExecutionListener@20f39ce8, org.springframework.boot.test.autoconfigure.web.client.MockRestServiceServerResetTestExecutionListener@727a04dd, org.springframework.boot.test.autoconfigure.web.servlet.MockMvcPrintOnlyOnFailureTestExecutionListener@c681670, org.springframework.boot.test.autoconfigure.web.servlet.WebDriverTestExecutionListener@1f50e15c, org.springframework.boot.test.autoconfigure.webservices.client.MockWebServiceServerTestExecutionListener@23f82a82, org.springframework.boot.test.mock.mockito.ResetMocksTestExecutionListener@1868ecc]
01:54:27.958 [Test worker] DEBUG org.springframework.test.context.support.AbstractDirtiesContextTestExecutionListener - Before test class: context [DefaultTestContext@237e26c2 testClass = VerpicBackendApplicationTests, testInstance = [null], testMethod = [null], testException = [null], mergedContextConfiguration = [WebMergedContextConfiguration@279dcf2b testClass = VerpicBackendApplicationTests, locations = '{}', classes = '{class teamverpic.verpicbackend.VerpicBackendApplication}', contextInitializerClasses = '[]', activeProfiles = '{}', propertySourceLocations = '{}', propertySourceProperties = '{org.springframework.boot.test.context.SpringBootTestContextBootstrapper=true}', contextCustomizers = set[org.springframework.boot.test.autoconfigure.actuate.metrics.MetricsExportContextCustomizerFactory$DisableMetricExportContextCustomizer@1a313ab3, org.springframework.boot.test.autoconfigure.properties.PropertyMappingContextCustomizer@0, org.springframework.boot.test.autoconfigure.web.servlet.WebDriverContextCustomizerFactory$Customizer@5443331c, org.springframework.boot.test.context.filter.ExcludeFilterContextCustomizer@1958b852, org.springframework.boot.test.json.DuplicateJsonObjectContextCustomizerFactory$DuplicateJsonObjectContextCustomizer@2e228bb4, org.springframework.boot.test.mock.mockito.MockitoContextCustomizer@0, org.springframework.boot.test.web.client.TestRestTemplateContextCustomizer@28c6cbff, org.springframework.boot.test.context.SpringBootTestArgs@1, org.springframework.boot.test.context.SpringBootTestWebEnvironment@2592b226], resourceBasePath = 'src/main/webapp', contextLoader = 'org.springframework.boot.test.context.SpringBootContextLoader', parent = [null]], attributes = map['org.springframework.test.context.web.ServletTestExecutionListener.activateListener' -> true]], class annotated with @DirtiesContext [false] with mode [null].
01:54:28.002 [Test worker] DEBUG org.springframework.test.context.support.TestPropertySourceUtils - Adding inlined properties to environment: {spring.jmx.enabled=false, org.springframework.boot.test.context.SpringBootTestContextBootstrapper=true}

  .   ____          _            __ _ _
 /\\ / ___'_ __ _ _(_)_ __  __ _ \ \ \ \
( ( )\___ | '_ | '_| | '_ \/ _` | \ \ \ \
 \\/  ___)| |_)| | | | | || (_| |  ) ) ) )
  '  |____| .__|_| |_|_| |_\__, | / / / /
 =========|_|==============|___/=/_/_/_/
 :: Spring Boot ::                (v2.5.2)

2021-07-10 01:54:28.583  INFO 13319 --- [    Test worker] t.v.VerpicBackendApplicationTests        : Starting VerpicBackendApplicationTests using Java 11.0.10 on yuhoseong-ui-MacBookPro.local with PID 13319 (started by physicalcoldplay in /Users/physicalcoldplay/verpic-backend)
2021-07-10 01:54:28.590  INFO 13319 --- [    Test worker] t.v.VerpicBackendApplicationTests        : No active profile set, falling back to default profiles: default
2021-07-10 01:54:29.768  INFO 13319 --- [    Test worker] .s.d.r.c.RepositoryConfigurationDelegate : Bootstrapping Spring Data JPA repositories in DEFAULT mode.
2021-07-10 01:54:29.787  INFO 13319 --- [    Test worker] .s.d.r.c.RepositoryConfigurationDelegate : Finished Spring Data repository scanning in 11 ms. Found 0 JPA repository interfaces.
2021-07-10 01:54:30.918  INFO 13319 --- [    Test worker] o.hibernate.jpa.internal.util.LogHelper  : HHH000204: Processing PersistenceUnitInfo [name: default]
2021-07-10 01:54:30.972  INFO 13319 --- [    Test worker] org.hibernate.Version                    : HHH000412: Hibernate ORM core version 5.4.32.Final
2021-07-10 01:54:31.138  INFO 13319 --- [    Test worker] o.hibernate.annotations.common.Version   : HCANN000001: Hibernate Commons Annotations {5.1.2.Final}
2021-07-10 01:54:31.231  INFO 13319 --- [    Test worker] com.zaxxer.hikari.HikariDataSource       : HikariPool-1 - Starting...
2021-07-10 01:54:31.483  INFO 13319 --- [    Test worker] com.zaxxer.hikari.HikariDataSource       : HikariPool-1 - Start completed.
2021-07-10 01:54:31.504  INFO 13319 --- [    Test worker] org.hibernate.dialect.Dialect            : HHH000400: Using dialect: org.hibernate.dialect.MySQL5Dialect
2021-07-10 01:54:31.842  INFO 13319 --- [    Test worker] o.h.e.t.j.p.i.JtaPlatformInitiator       : HHH000490: Using JtaPlatform implementation: [org.hibernate.engine.transaction.jta.platform.internal.NoJtaPlatform]
2021-07-10 01:54:31.851  INFO 13319 --- [    Test worker] j.LocalContainerEntityManagerFactoryBean : Initialized JPA EntityManagerFactory for persistence unit 'default'
2021-07-10 01:54:32.343  WARN 13319 --- [    Test worker] JpaBaseConfiguration$JpaWebConfiguration : spring.jpa.open-in-view is enabled by default. Therefore, database queries may be performed during view rendering. Explicitly configure spring.jpa.open-in-view to disable this warning
2021-07-10 01:54:33.382  INFO 13319 --- [    Test worker] t.v.VerpicBackendApplicationTests        : Started VerpicBackendApplicationTests in 5.326 seconds (JVM running for 7.104)
]]></system-out>
  <system-err><![CDATA[]]></system-err>
</testsuite>
